<?xml version="1.0" encoding="UTF-8"?>
<!-- Generated by org.testng.reporters.JUnitXMLReporter -->
<testsuite ignored="2" hostname="DESKTOP-KBPBMF9" failures="0" tests="1" name="Default test" time="25.601" errors="0" timestamp="2023-10-25T17:04:24 IST">
  <testcase classname="testDeclarationInvestor.HomePageInvestorTest" name="validateRedirectingToFundWebsiteAfterClickingOnPoweredByButton" time="24.894"/>
  <testcase classname="testDeclarationInvestor.HomePageInvestorTest" name="validateUrlWithoutSlug" time="0.0">
    <ignored/>
  </testcase> <!-- validateUrlWithoutSlug -->
  <testcase classname="testDeclarationInvestor.HomePageInvestorTest" name="validateLogoVisibleOrNot" time="0.0">
    <ignored/>
  </testcase> <!-- validateLogoVisibleOrNot -->
</testsuite> <!-- Default test -->
