<?xml version="1.0" encoding="UTF-8"?>
<testng-results ignored="2" total="3" passed="1" failed="0" skipped="0">
  <reporter-output>
  </reporter-output>
  <suite started-at="2023-10-25T17:03:58 IST" name="Default suite" finished-at="2023-10-25T17:04:24 IST" duration-ms="25601">
    <groups>
    </groups>
    <test started-at="2023-10-25T17:03:58 IST" name="Default test" finished-at="2023-10-25T17:04:24 IST" duration-ms="25601">
      <class name="testDeclarationInvestor.HomePageInvestorTest">
        <test-method signature="validateRedirectingToFundWebsiteAfterClickingOnPoweredByButton()[pri:0, instance:testDeclarationInvestor.HomePageInvestorTest@6cf0e0ba]" started-at="2023-10-25T17:03:59 IST" name="validateRedirectingToFundWebsiteAfterClickingOnPoweredByButton" finished-at="2023-10-25T17:04:23 IST" duration-ms="24894" status="PASS">
          <reporter-output>
          </reporter-output>
        </test-method> <!-- validateRedirectingToFundWebsiteAfterClickingOnPoweredByButton -->
        <test-method is-config="true" signature="tearDown()[pri:0, instance:testDeclarationInvestor.HomePageInvestorTest@6cf0e0ba]" started-at="2023-10-25T17:04:23 IST" name="tearDown" finished-at="2023-10-25T17:04:24 IST" duration-ms="609" status="PASS">
          <reporter-output>
          </reporter-output>
        </test-method> <!-- tearDown -->
      </class> <!-- testDeclarationInvestor.HomePageInvestorTest -->
    </test> <!-- Default test -->
  </suite> <!-- Default suite -->
</testng-results>
